# Logfile created on Mon Jun 08 14:03:11 +0530 2009  [4;36;1mSQL (0.1ms)[0m   [0;1mSET NAMES 'utf8'[0m
  [4;35;1mSQL (0.1ms)[0m   [0mSET SQL_AUTO_IS_NULL=0[0m
  [4;36;1mSQL (0.2ms)[0m   [0;1mSHOW TABLES[0m
  [4;35;1mSQL (88.0ms)[0m   [0mCREATE TABLE `schema_migrations` (`version` varchar(255) NOT NULL) ENGINE=InnoDB[0m
  [4;36;1mSQL (7.3ms)[0m   [0;1mCREATE UNIQUE INDEX `unique_schema_migrations` ON `schema_migrations` (`version`)[0m
  [4;35;1mSQL (0.2ms)[0m   [0mSHOW TABLES[0m
  [4;36;1mSQL (0.3ms)[0m   [0;1mSELECT version FROM schema_migrations[0m
Migrating to CreatePages (1)
  [4;35;1mSQL (3.1ms)[0m   [0mCREATE TABLE `pages` (`id` int(11) DEFAULT NULL auto_increment PRIMARY KEY, `title` varchar(255), `body` text, `created_at` datetime, `updated_at` datetime) ENGINE=InnoDB[0m
  [4;36;1mSQL (1.2ms)[0m   [0;1mINSERT INTO schema_migrations (version) VALUES ('1')[0m
Migrating to CreateUsers (2)
  [4;35;1mSQL (0.3ms)[0m   [0mSHOW TABLES[0m
  [4;36;1mSQL (5.7ms)[0m   [0;1mCREATE TABLE `users` (`id` int(11) DEFAULT NULL auto_increment PRIMARY KEY, `login` varchar(255), `email` varchar(255), `crypted_password` varchar(40), `salt` varchar(40), `created_at` datetime, `updated_at` datetime, `remember_token` varchar(255), `remember_token_expires_at` datetime, `activation_code` varchar(40), `activated_at` datetime, `password_reset_code` varchar(40), `enabled` tinyint(1) DEFAULT 1) ENGINE=InnoDB[0m
  [4;35;1mSQL (0.5ms)[0m   [0mINSERT INTO schema_migrations (version) VALUES ('2')[0m
Migrating to CreateRoles (3)
  [4;36;1mSQL (3.1ms)[0m   [0;1mCREATE TABLE `roles` (`id` int(11) DEFAULT NULL auto_increment PRIMARY KEY, `rolename` varchar(255), `created_at` datetime, `updated_at` datetime) ENGINE=InnoDB[0m
  [4;35;1mSQL (0.8ms)[0m   [0mINSERT INTO schema_migrations (version) VALUES ('3')[0m
Migrating to CreatePermissions (4)
  [4;36;1mSQL (3.4ms)[0m   [0;1mCREATE TABLE `permissions` (`id` int(11) DEFAULT NULL auto_increment PRIMARY KEY, `role_id` int(11) NOT NULL, `user_id` int(11) NOT NULL, `created_at` datetime, `updated_at` datetime) ENGINE=InnoDB[0m
  [4;35;1mRole Columns (0.9ms)[0m   [0mSHOW FIELDS FROM `roles`[0m
  [4;36;1mSQL (0.1ms)[0m   [0;1mBEGIN[0m
  [4;35;1mRole Create (0.8ms)[0m   [0mINSERT INTO `roles` (`updated_at`, `rolename`, `created_at`) VALUES('2009-06-08 14:03:13', 'administrator', '2009-06-08 14:03:13')[0m
  [4;36;1mSQL (0.6ms)[0m   [0;1mCOMMIT[0m
  [4;35;1mUser Columns (1.5ms)[0m   [0mSHOW FIELDS FROM `users`[0m
  [4;36;1mSQL (0.3ms)[0m   [0;1mBEGIN[0m
  [4;35;1mUser Create (0.3ms)[0m   [0mINSERT INTO `users` (`salt`, `updated_at`, `activated_at`, `crypted_password`, `remember_token_expires_at`, `activation_code`, `password_reset_code`, `enabled`, `remember_token`, `login`, `email`, `created_at`) VALUES('557fc02e9392375ba574f3da74072955673d9c1b', '2009-06-08 14:03:13', NULL, '5d948ba15058f84512c9aebe1f1e4e9ce65c3cb5', NULL, '16f3f65237508b55a1af759e2fcf1ffb28be181c', NULL, 1, NULL, 'admin', 'info@yourapplication.com', '2009-06-08 14:03:13')[0m
Sent mail to info@yourapplication.com

Date: Mon, 8 Jun 2009 14:03:13 +0530
From: mail@yourapplication.com
To: info@yourapplication.com
Subject: YourApplication - Please activate your new account
Mime-Version: 1.0
Content-Type: text/plain; charset=utf-8

Your account has been created.
 
  Username: admin
  Password: admin

Visit this url to activate your account:

  http://localhost:3000/activate/16f3f65237508b55a1af759e2fcf1ffb28be181c
  [4;36;1mSQL (5.4ms)[0m   [0;1mCOMMIT[0m
  [4;35;1mSQL (0.1ms)[0m   [0mBEGIN[0m
  [4;36;1mUser Update (0.6ms)[0m   [0;1mUPDATE `users` SET `activated_at` = '2009-06-08 08:33:17', `updated_at` = '2009-06-08 14:03:17' WHERE `id` = 1[0m
Sent mail to info@yourapplication.com

Date: Mon, 8 Jun 2009 14:03:17 +0530
From: mail@yourapplication.com
To: info@yourapplication.com
Subject: YourApplication - Your account has been activated!
Mime-Version: 1.0
Content-Type: text/plain; charset=utf-8

   admin, your account has been activated.  To visit the site, follow the link below:
    
   http://localhost:3000/

  [4;35;1mSQL (1.7ms)[0m   [0mCOMMIT[0m
  [4;36;1mRole Load (0.4ms)[0m   [0;1mSELECT * FROM `roles` WHERE (`roles`.`rolename` = 'administrator') LIMIT 1[0m
  [4;35;1mUser Load (0.4ms)[0m   [0mSELECT * FROM `users` WHERE (`users`.`login` = 'admin') LIMIT 1[0m
  [4;36;1mPermission Columns (1.5ms)[0m   [0;1mSHOW FIELDS FROM `permissions`[0m
  [4;35;1mSQL (0.1ms)[0m   [0mBEGIN[0m
  [4;36;1mPermission Create (0.4ms)[0m   [0;1mINSERT INTO `permissions` (`updated_at`, `role_id`, `user_id`, `created_at`) VALUES('2009-06-08 14:03:20', 1, 1, '2009-06-08 14:03:20')[0m
  [4;35;1mSQL (0.5ms)[0m   [0mCOMMIT[0m
  [4;36;1mSQL (0.6ms)[0m   [0;1mINSERT INTO schema_migrations (version) VALUES ('4')[0m
Migrating to CreateMailers (6)
  [4;35;1mSQL (5.0ms)[0m   [0mCREATE TABLE `mailers` (`id` int(11) DEFAULT NULL auto_increment PRIMARY KEY, `created_at` datetime, `updated_at` datetime) ENGINE=InnoDB[0m
  [4;36;1mSQL (0.5ms)[0m   [0;1mINSERT INTO schema_migrations (version) VALUES ('6')[0m
Migrating to CreateRegions (8)
  [4;35;1mSQL (3.2ms)[0m   [0mCREATE TABLE `regions` (`id` int(11) DEFAULT NULL auto_increment PRIMARY KEY, `name` varchar(255), `sequence` int(11), `created_at` datetime, `updated_at` datetime) ENGINE=InnoDB[0m
  [4;36;1mSQL (0.5ms)[0m   [0;1mINSERT INTO schema_migrations (version) VALUES ('8')[0m
Migrating to CreateReligions (9)
  [4;35;1mSQL (3.1ms)[0m   [0mCREATE TABLE `religions` (`id` int(11) DEFAULT NULL auto_increment PRIMARY KEY, `name` varchar(255), `enable` tinyint(1), `created_at` datetime, `updated_at` datetime) ENGINE=InnoDB[0m
  [4;36;1mSQL (0.5ms)[0m   [0;1mINSERT INTO schema_migrations (version) VALUES ('9')[0m
Migrating to CreateLocation (10)
  [4;35;1mSQL (3.0ms)[0m   [0mCREATE TABLE `locations` (`id` int(11) DEFAULT NULL auto_increment PRIMARY KEY, `name` varchar(255), `region_id` int(11), `enabled` tinyint(1), `created_at` datetime, `updated_at` datetime) ENGINE=InnoDB[0m
  [4;36;1mSQL (1.3ms)[0m   [0;1mINSERT INTO schema_migrations (version) VALUES ('10')[0m
Migrating to CreateIndustries (11)
  [4;35;1mSQL (4.1ms)[0m   [0mCREATE TABLE `industries` (`id` int(11) DEFAULT NULL auto_increment PRIMARY KEY, `name` varchar(255), `sequence` int(11), `enabled` tinyint(1), `created_at` datetime, `updated_at` datetime) ENGINE=InnoDB[0m
  [4;36;1mSQL (0.6ms)[0m   [0;1mINSERT INTO schema_migrations (version) VALUES ('11')[0m
Migrating to CreateCountries (12)
  [4;35;1mSQL (3.7ms)[0m   [0mCREATE TABLE `countries` (`id` int(11) DEFAULT NULL auto_increment PRIMARY KEY, `name` varchar(255), `gcc` tinyint(1), `arab` tinyint(1), `english_speaking` tinyint(1), `asian` tinyint(1), `created_at` datetime, `updated_at` datetime) ENGINE=InnoDB[0m
  [4;36;1mSQL (0.6ms)[0m   [0;1mINSERT INTO schema_migrations (version) VALUES ('12')[0m
Migrating to CreateMembers (14)
  [4;35;1mSQL (4.4ms)[0m   [0mCREATE TABLE `members` (`id` int(11) DEFAULT NULL auto_increment PRIMARY KEY, `member_id` int(11), `name` varchar(30) NOT NULL, `email` varchar(255), `address` varchar(255), `login_name` varchar(255), `password` varchar(255), `fax` varchar(255), `country` varchar(255), `state` varchar(255), `phone` int(11), `enabled` tinyint(1) DEFAULT 1, `photo` blob(2097152), `thumbnail` blob(262144), `dob` date NOT NULL, `notes` text, `created_at` datetime, `updated_at` datetime) ENGINE=InnoDB[0m
  [4;36;1mSQL (0.5ms)[0m   [0;1mINSERT INTO schema_migrations (version) VALUES ('14')[0m
Migrating to AddColumnMembers (15)
  [4;35;1mSQL (8.0ms)[0m   [0mALTER TABLE `members` ADD `docs` blob(5242880)[0m
  [4;36;1mSQL (0.6ms)[0m   [0;1mINSERT INTO schema_migrations (version) VALUES ('15')[0m
Migrating to CreateComputerSkillCategories (16)
  [4;35;1mSQL (3.3ms)[0m   [0mCREATE TABLE `computer_skill_categories` (`id` int(11) DEFAULT NULL auto_increment PRIMARY KEY, `name` varchar(255), `sequence` int(11), `enabled` tinyint(1), `created_at` datetime, `updated_at` datetime) ENGINE=InnoDB[0m
  [4;36;1mSQL (0.6ms)[0m   [0;1mINSERT INTO schema_migrations (version) VALUES ('16')[0m
Migrating to CreateComputerSkills (17)
  [4;35;1mSQL (3.1ms)[0m   [0mCREATE TABLE `computer_skills` (`id` int(11) DEFAULT NULL auto_increment PRIMARY KEY, `name` varchar(255), `sequence` int(11), `enabled` tinyint(1), `computer_skill_categories_id` int(11), `created_at` datetime, `updated_at` datetime) ENGINE=InnoDB[0m
  [4;36;1mSQL (0.8ms)[0m   [0;1mINSERT INTO schema_migrations (version) VALUES ('17')[0m
Migrating to CreateProfessionalQualifications (18)
  [4;35;1mSQL (3.5ms)[0m   [0mCREATE TABLE `professional_qualifications` (`id` int(11) DEFAULT NULL auto_increment PRIMARY KEY, `name` varchar(255), `sequence` int(11), `parent_id` int(11), `enabled` tinyint(1), `created_at` datetime, `updated_at` datetime) ENGINE=InnoDB[0m
  [4;36;1mSQL (0.6ms)[0m   [0;1mINSERT INTO schema_migrations (version) VALUES ('18')[0m
Migrating to AddColumnInPageTable (19)
  [4;35;1mSQL (22.8ms)[0m   [0mALTER TABLE `pages` ADD `name` varchar(255)[0m
  [4;36;1mSQL (7.8ms)[0m   [0;1mALTER TABLE `pages` ADD `parent_id` int(11)[0m
  [4;35;1mSQL (6.4ms)[0m   [0mALTER TABLE `pages` ADD `sequence` int(11)[0m
  [4;36;1mSQL (7.9ms)[0m   [0;1mALTER TABLE `pages` ADD `url` varchar(255)[0m
  [4;35;1mSQL (1.0ms)[0m   [0mINSERT INTO schema_migrations (version) VALUES ('19')[0m
Migrating to CreateAdmins (20)
  [4;36;1mSQL (3.9ms)[0m   [0;1mCREATE TABLE `admins` (`id` int(11) DEFAULT NULL auto_increment PRIMARY KEY, `created_at` datetime, `updated_at` datetime) ENGINE=InnoDB[0m
  [4;35;1mSQL (0.7ms)[0m   [0mINSERT INTO schema_migrations (version) VALUES ('20')[0m
Migrating to CreateNewImplementations (21)
  [4;36;1mSQL (3.9ms)[0m   [0;1mCREATE TABLE `new_implementations` (`id` int(11) DEFAULT NULL auto_increment PRIMARY KEY, `created_at` datetime, `updated_at` datetime) ENGINE=InnoDB[0m
  [4;35;1mSQL (0.6ms)[0m   [0mINSERT INTO schema_migrations (version) VALUES ('21')[0m
Migrating to CreateReportGenerators (22)
  [4;36;1mSQL (3.8ms)[0m   [0;1mCREATE TABLE `report_generators` (`id` int(11) DEFAULT NULL auto_increment PRIMARY KEY, `created_at` datetime, `updated_at` datetime) ENGINE=InnoDB[0m
  [4;35;1mSQL (0.7ms)[0m   [0mINSERT INTO schema_migrations (version) VALUES ('22')[0m
Migrating to CreateSimpleCaptchaData (23)
  [4;36;1mSQL (4.0ms)[0m   [0;1mCREATE TABLE `simple_captcha_data` (`id` int(11) DEFAULT NULL auto_increment PRIMARY KEY, `key` varchar(40), `value` varchar(6), `created_at` datetime, `updated_at` datetime) ENGINE=InnoDB[0m
  [4;35;1mSQL (0.5ms)[0m   [0mINSERT INTO schema_migrations (version) VALUES ('23')[0m
Migrating to CreateOverviews (20090604105900)
  [4;36;1mSQL (3.2ms)[0m   [0;1mCREATE TABLE `overviews` (`id` int(11) DEFAULT NULL auto_increment PRIMARY KEY, `created_at` datetime, `updated_at` datetime) ENGINE=InnoDB[0m
  [4;35;1mSQL (1.0ms)[0m   [0mINSERT INTO schema_migrations (version) VALUES ('20090604105900')[0m
Migrating to AddingRoleToUsers (20090604125723)
  [4;36;1mSQL (10.5ms)[0m   [0;1mALTER TABLE `users` ADD `role` varchar(255)[0m
  [4;35;1mSQL (1.3ms)[0m   [0mINSERT INTO schema_migrations (version) VALUES ('20090604125723')[0m
Migrating to CreateClients (20090604133752)
  [4;36;1mSQL (4.9ms)[0m   [0;1mCREATE TABLE `clients` (`id` int(11) DEFAULT NULL auto_increment PRIMARY KEY, `created_at` datetime, `updated_at` datetime) ENGINE=InnoDB[0m
  [4;35;1mSQL (0.7ms)[0m   [0mINSERT INTO schema_migrations (version) VALUES ('20090604133752')[0m
Migrating to CreateProviders (20090604133813)
  [4;36;1mSQL (3.1ms)[0m   [0;1mCREATE TABLE `providers` (`id` int(11) DEFAULT NULL auto_increment PRIMARY KEY, `created_at` datetime, `updated_at` datetime) ENGINE=InnoDB[0m
  [4;35;1mSQL (0.5ms)[0m   [0mINSERT INTO schema_migrations (version) VALUES ('20090604133813')[0m
  [4;36;1mSQL (0.7ms)[0m   [0;1mSHOW TABLES[0m
  [4;35;1mSQL (0.4ms)[0m   [0mSELECT version FROM schema_migrations[0m
  [4;36;1mSQL (0.5ms)[0m   [0;1mSHOW TABLES[0m
  [4;35;1mSQL (1.0ms)[0m   [0mSHOW FIELDS FROM `admins`[0m
  [4;36;1mSQL (1.3ms)[0m   [0;1mdescribe `admins`[0m
  [4;35;1mSQL (0.5ms)[0m   [0mSHOW KEYS FROM `admins`[0m
  [4;36;1mSQL (0.9ms)[0m   [0;1mSHOW FIELDS FROM `clients`[0m
  [4;35;1mSQL (1.5ms)[0m   [0mdescribe `clients`[0m
  [4;36;1mSQL (0.3ms)[0m   [0;1mSHOW KEYS FROM `clients`[0m
  [4;35;1mSQL (0.7ms)[0m   [0mSHOW FIELDS FROM `computer_skill_categories`[0m
  [4;36;1mSQL (0.5ms)[0m   [0;1mdescribe `computer_skill_categories`[0m
  [4;35;1mSQL (0.2ms)[0m   [0mSHOW KEYS FROM `computer_skill_categories`[0m
  [4;36;1mSQL (0.7ms)[0m   [0;1mSHOW FIELDS FROM `computer_skills`[0m
  [4;35;1mSQL (0.5ms)[0m   [0mdescribe `computer_skills`[0m
  [4;36;1mSQL (0.2ms)[0m   [0;1mSHOW KEYS FROM `computer_skills`[0m
  [4;35;1mSQL (0.7ms)[0m   [0mSHOW FIELDS FROM `countries`[0m
  [4;36;1mSQL (0.7ms)[0m   [0;1mdescribe `countries`[0m
  [4;35;1mSQL (0.9ms)[0m   [0mSHOW KEYS FROM `countries`[0m
  [4;36;1mSQL (1.1ms)[0m   [0;1mSHOW FIELDS FROM `industries`[0m
  [4;35;1mSQL (0.6ms)[0m   [0mdescribe `industries`[0m
  [4;36;1mSQL (0.4ms)[0m   [0;1mSHOW KEYS FROM `industries`[0m
  [4;35;1mSQL (0.7ms)[0m   [0mSHOW FIELDS FROM `locations`[0m
  [4;36;1mSQL (0.5ms)[0m   [0;1mdescribe `locations`[0m
  [4;35;1mSQL (0.2ms)[0m   [0mSHOW KEYS FROM `locations`[0m
  [4;36;1mSQL (0.5ms)[0m   [0;1mSHOW FIELDS FROM `mailers`[0m
  [4;35;1mSQL (0.4ms)[0m   [0mdescribe `mailers`[0m
  [4;36;1mSQL (0.3ms)[0m   [0;1mSHOW KEYS FROM `mailers`[0m
  [4;35;1mSQL (1.2ms)[0m   [0mSHOW FIELDS FROM `members`[0m
  [4;36;1mSQL (1.0ms)[0m   [0;1mdescribe `members`[0m
  [4;35;1mSQL (0.2ms)[0m   [0mSHOW KEYS FROM `members`[0m
  [4;36;1mSQL (0.5ms)[0m   [0;1mSHOW FIELDS FROM `new_implementations`[0m
  [4;35;1mSQL (0.4ms)[0m   [0mdescribe `new_implementations`[0m
  [4;36;1mSQL (0.2ms)[0m   [0;1mSHOW KEYS FROM `new_implementations`[0m
  [4;35;1mSQL (0.5ms)[0m   [0mSHOW FIELDS FROM `overviews`[0m
  [4;36;1mSQL (0.4ms)[0m   [0;1mdescribe `overviews`[0m
  [4;35;1mSQL (0.2ms)[0m   [0mSHOW KEYS FROM `overviews`[0m
  [4;36;1mSQL (0.7ms)[0m   [0;1mSHOW FIELDS FROM `pages`[0m
  [4;35;1mSQL (0.6ms)[0m   [0mdescribe `pages`[0m
  [4;36;1mSQL (0.2ms)[0m   [0;1mSHOW KEYS FROM `pages`[0m
  [4;35;1mSQL (0.6ms)[0m   [0mSHOW FIELDS FROM `permissions`[0m
  [4;36;1mSQL (0.5ms)[0m   [0;1mdescribe `permissions`[0m
  [4;35;1mSQL (0.2ms)[0m   [0mSHOW KEYS FROM `permissions`[0m
  [4;36;1mSQL (0.6ms)[0m   [0;1mSHOW FIELDS FROM `professional_qualifications`[0m
  [4;35;1mSQL (0.6ms)[0m   [0mdescribe `professional_qualifications`[0m
  [4;36;1mSQL (0.2ms)[0m   [0;1mSHOW KEYS FROM `professional_qualifications`[0m
  [4;35;1mSQL (0.5ms)[0m   [0mSHOW FIELDS FROM `providers`[0m
  [4;36;1mSQL (0.4ms)[0m   [0;1mdescribe `providers`[0m
  [4;35;1mSQL (0.2ms)[0m   [0mSHOW KEYS FROM `providers`[0m
  [4;36;1mSQL (0.6ms)[0m   [0;1mSHOW FIELDS FROM `regions`[0m
  [4;35;1mSQL (0.5ms)[0m   [0mdescribe `regions`[0m
  [4;36;1mSQL (0.2ms)[0m   [0;1mSHOW KEYS FROM `regions`[0m
  [4;35;1mSQL (0.6ms)[0m   [0mSHOW FIELDS FROM `religions`[0m
  [4;36;1mSQL (0.5ms)[0m   [0;1mdescribe `religions`[0m
  [4;35;1mSQL (0.2ms)[0m   [0mSHOW KEYS FROM `religions`[0m
  [4;36;1mSQL (0.5ms)[0m   [0;1mSHOW FIELDS FROM `report_generators`[0m
  [4;35;1mSQL (0.4ms)[0m   [0mdescribe `report_generators`[0m
  [4;36;1mSQL (0.2ms)[0m   [0;1mSHOW KEYS FROM `report_generators`[0m
  [4;35;1mSQL (0.4ms)[0m   [0mSHOW FIELDS FROM `roles`[0m
  [4;36;1mSQL (0.4ms)[0m   [0;1mdescribe `roles`[0m
  [4;35;1mSQL (0.3ms)[0m   [0mSHOW KEYS FROM `roles`[0m
  [4;36;1mSQL (0.6ms)[0m   [0;1mSHOW FIELDS FROM `simple_captcha_data`[0m
  [4;35;1mSQL (0.5ms)[0m   [0mdescribe `simple_captcha_data`[0m
  [4;36;1mSQL (0.2ms)[0m   [0;1mSHOW KEYS FROM `simple_captcha_data`[0m
  [4;35;1mSQL (0.9ms)[0m   [0mSHOW FIELDS FROM `users`[0m
  [4;36;1mSQL (0.8ms)[0m   [0;1mdescribe `users`[0m
  [4;35;1mSQL (0.2ms)[0m   [0mSHOW KEYS FROM `users`[0m
  [4;36;1mSQL (0.1ms)[0m   [0;1mSET NAMES 'utf8'[0m
  [4;35;1mSQL (0.1ms)[0m   [0mSET SQL_AUTO_IS_NULL=0[0m


Processing OverviewsController#index (for 127.0.0.1 at 2009-06-08 14:05:54) [GET]
  [4;36;1mOverview Load (0.3ms)[0m   [0;1mSELECT * FROM `overviews` [0m
Rendering template within layouts/overviews
Rendering overviews/index
Completed in 104ms (View: 97, DB: 1) | 200 OK [http://localhost/]
  [4;35;1mSQL (1.6ms)[0m   [0mSET NAMES 'utf8'[0m
  [4;36;1mSQL (0.6ms)[0m   [0;1mSET SQL_AUTO_IS_NULL=0[0m


Processing ApplicationController#index (for 127.0.0.1 at 2009-06-08 14:05:54) [GET]

ActionController::RoutingError (No route matches "/stylesheets/slidebox.css" with {:method=>:get}):
  

Rendering rescues/layout (not_found)
  [4;35;1mSQL (0.1ms)[0m   [0mSET NAMES 'utf8'[0m
  [4;36;1mSQL (0.1ms)[0m   [0;1mSET SQL_AUTO_IS_NULL=0[0m


Processing ApplicationController#index (for 127.0.0.1 at 2009-06-08 14:05:54) [GET]

ActionController::RoutingError (No route matches "/stylesheets/jquery.theme.smoothness.css" with {:method=>:get}):
  

Rendering rescues/layout (not_found)
  [4;35;1mSQL (0.1ms)[0m   [0mSET NAMES 'utf8'[0m
  [4;36;1mSQL (0.1ms)[0m   [0;1mSET SQL_AUTO_IS_NULL=0[0m


Processing ProvidersController#index (for 127.0.0.1 at 2009-06-08 14:06:11) [GET]
  [4;35;1mProvider Load (0.5ms)[0m   [0mSELECT * FROM `providers` [0m
Rendering template within layouts/providers
Rendering providers/index
Completed in 43ms (View: 35, DB: 1) | 200 OK [http://localhost/providers]
  [4;36;1mSQL (0.1ms)[0m   [0;1mSET NAMES 'utf8'[0m
  [4;35;1mSQL (0.1ms)[0m   [0mSET SQL_AUTO_IS_NULL=0[0m


Processing ApplicationController#index (for 127.0.0.1 at 2009-06-08 14:06:12) [GET]

ActionController::RoutingError (No route matches "/stylesheets/slidebox.css" with {:method=>:get}):
  

Rendering rescues/layout (not_found)
  [4;36;1mSQL (0.5ms)[0m   [0;1mSET NAMES 'utf8'[0m
  [4;35;1mSQL (0.1ms)[0m   [0mSET SQL_AUTO_IS_NULL=0[0m


Processing ApplicationController#index (for 127.0.0.1 at 2009-06-08 14:06:12) [GET]

ActionController::RoutingError (No route matches "/stylesheets/jquery.theme.smoothness.css" with {:method=>:get}):
  

Rendering rescues/layout (not_found)
  [4;36;1mSQL (0.1ms)[0m   [0;1mSET NAMES 'utf8'[0m
  [4;35;1mSQL (0.1ms)[0m   [0mSET SQL_AUTO_IS_NULL=0[0m


Processing UsersController#show (for 127.0.0.1 at 2009-06-08 14:06:18) [GET]
  Parameters: {"id"=>"provider_appointment"}
Redirected to http://localhost:3000/session/new
Filter chain halted as [:login_required] rendered_or_redirected.
Completed in 2ms (DB: 0) | 302 Found [http://localhost/users/provider_appointment]
  [4;36;1mSQL (0.1ms)[0m   [0;1mSET NAMES 'utf8'[0m
  [4;35;1mSQL (0.1ms)[0m   [0mSET SQL_AUTO_IS_NULL=0[0m


Processing SessionsController#new (for 127.0.0.1 at 2009-06-08 14:06:18) [GET]
Rendering template within layouts/backend
Rendering sessions/new
Completed in 24ms (View: 23, DB: 0) | 200 OK [http://localhost/session/new]
  [4;36;1mSQL (0.1ms)[0m   [0;1mSET NAMES 'utf8'[0m
  [4;35;1mSQL (0.1ms)[0m   [0mSET SQL_AUTO_IS_NULL=0[0m


Processing ApplicationController#index (for 127.0.0.1 at 2009-06-08 14:06:19) [GET]

ActionController::RoutingError (No route matches "/stylesheets/slidebox.css" with {:method=>:get}):
  

Rendering rescues/layout (not_found)
  [4;36;1mSQL (0.1ms)[0m   [0;1mSET NAMES 'utf8'[0m
  [4;35;1mSQL (0.1ms)[0m   [0mSET SQL_AUTO_IS_NULL=0[0m


Processing ApplicationController#index (for 127.0.0.1 at 2009-06-08 14:06:19) [GET]

ActionController::RoutingError (No route matches "/stylesheets/jquery.theme.smoothness.css" with {:method=>:get}):
  

Rendering rescues/layout (not_found)
  [4;36;1mSQL (0.1ms)[0m   [0;1mSET NAMES 'utf8'[0m
  [4;35;1mSQL (0.1ms)[0m   [0mSET SQL_AUTO_IS_NULL=0[0m


Processing SessionsController#create (for 127.0.0.1 at 2009-06-08 14:06:30) [POST]
  Parameters: {"authenticity_token"=>"nxks8j9t2QBhvz4xIGfFn0EUuacQkHcQkBY6o8gDFJc=", "login"=>"quentin", "password"=>"amit"}
  [4;36;1mUser Load (0.4ms)[0m   [0;1mSELECT * FROM `users` WHERE (login = 'quentin') LIMIT 1[0m
Rendering template within layouts/backend
Rendering sessions/new
Completed in 4ms (View: 2, DB: 1) | 200 OK [http://localhost/session]
  [4;35;1mSQL (0.1ms)[0m   [0mSET NAMES 'utf8'[0m
  [4;36;1mSQL (0.1ms)[0m   [0;1mSET SQL_AUTO_IS_NULL=0[0m


Processing ApplicationController#index (for 127.0.0.1 at 2009-06-08 14:06:30) [GET]

ActionController::RoutingError (No route matches "/stylesheets/slidebox.css" with {:method=>:get}):
  

Rendering rescues/layout (not_found)
  [4;35;1mSQL (0.1ms)[0m   [0mSET NAMES 'utf8'[0m
  [4;36;1mSQL (0.1ms)[0m   [0;1mSET SQL_AUTO_IS_NULL=0[0m


Processing ApplicationController#index (for 127.0.0.1 at 2009-06-08 14:06:30) [GET]

ActionController::RoutingError (No route matches "/stylesheets/jquery.theme.smoothness.css" with {:method=>:get}):
  

Rendering rescues/layout (not_found)
  [4;35;1mSQL (0.2ms)[0m   [0mSET NAMES 'utf8'[0m
  [4;36;1mSQL (0.1ms)[0m   [0;1mSET SQL_AUTO_IS_NULL=0[0m


Processing UsersController#show (for 127.0.0.1 at 2009-06-08 14:06:39) [GET]
  Parameters: {"id"=>"client_index"}
Redirected to http://localhost:3000/session/new
Filter chain halted as [:login_required] rendered_or_redirected.
Completed in 1ms (DB: 0) | 302 Found [http://localhost/users/client_index]
  [4;35;1mSQL (0.1ms)[0m   [0mSET NAMES 'utf8'[0m
  [4;36;1mSQL (0.1ms)[0m   [0;1mSET SQL_AUTO_IS_NULL=0[0m


Processing SessionsController#new (for 127.0.0.1 at 2009-06-08 14:06:40) [GET]
Rendering template within layouts/backend
Rendering sessions/new
Completed in 3ms (View: 2, DB: 0) | 200 OK [http://localhost/session/new]
  [4;35;1mSQL (0.1ms)[0m   [0mSET NAMES 'utf8'[0m
  [4;36;1mSQL (0.1ms)[0m   [0;1mSET SQL_AUTO_IS_NULL=0[0m


Processing ApplicationController#index (for 127.0.0.1 at 2009-06-08 14:06:40) [GET]

ActionController::RoutingError (No route matches "/stylesheets/slidebox.css" with {:method=>:get}):
  

Rendering rescues/layout (not_found)
  [4;35;1mSQL (0.1ms)[0m   [0mSET NAMES 'utf8'[0m
  [4;36;1mSQL (0.1ms)[0m   [0;1mSET SQL_AUTO_IS_NULL=0[0m


Processing ApplicationController#index (for 127.0.0.1 at 2009-06-08 14:06:40) [GET]

ActionController::RoutingError (No route matches "/stylesheets/jquery.theme.smoothness.css" with {:method=>:get}):
  

Rendering rescues/layout (not_found)
  [4;35;1mSQL (0.1ms)[0m   [0mSET NAMES 'utf8'[0m
  [4;36;1mSQL (0.1ms)[0m   [0;1mSET SQL_AUTO_IS_NULL=0[0m


Processing SessionsController#create (for 127.0.0.1 at 2009-06-08 14:06:45) [POST]
  Parameters: {"authenticity_token"=>"nxks8j9t2QBhvz4xIGfFn0EUuacQkHcQkBY6o8gDFJc=", "login"=>"quentin", "password"=>"amit"}
  [4;35;1mUser Load (0.1ms)[0m   [0mSELECT * FROM `users` WHERE (login = 'quentin') LIMIT 1[0m
Rendering template within layouts/backend
Rendering sessions/new
Completed in 4ms (View: 2, DB: 0) | 200 OK [http://localhost/session]
  [4;36;1mSQL (0.1ms)[0m   [0;1mSET NAMES 'utf8'[0m
  [4;35;1mSQL (0.1ms)[0m   [0mSET SQL_AUTO_IS_NULL=0[0m


Processing ApplicationController#index (for 127.0.0.1 at 2009-06-08 14:06:45) [GET]

ActionController::RoutingError (No route matches "/stylesheets/slidebox.css" with {:method=>:get}):
  

Rendering rescues/layout (not_found)
  [4;36;1mSQL (0.1ms)[0m   [0;1mSET NAMES 'utf8'[0m
  [4;35;1mSQL (0.1ms)[0m   [0mSET SQL_AUTO_IS_NULL=0[0m


Processing ApplicationController#index (for 127.0.0.1 at 2009-06-08 14:06:45) [GET]

ActionController::RoutingError (No route matches "/stylesheets/jquery.theme.smoothness.css" with {:method=>:get}):
  

Rendering rescues/layout (not_found)
